<?xml version="1.0" encoding="UTF-8"?>
<!-- Generated by org.testng.reporters.JUnitReportReporter -->
<testsuite hostname="Poonamite" failures="0" tests="1" name="testSuite1.Module1" time="0.008" errors="0" timestamp="2024-12-27T19:25:46 CST" skipped="0">
  <testcase classname="testSuite1.Module1" name="test001" time="0.008"/>
  <system-out/>
</testsuite> <!-- testSuite1.Module1 -->
