<?xml version="1.0" encoding="UTF-8"?>
<!-- Generated by org.testng.reporters.JUnitReportReporter -->
<testsuite hostname="Poonamite" failures="0" tests="2" name="testSuite1.Module2" time="0.010" errors="0" timestamp="2024-12-27T19:25:46 CST" skipped="0">
  <testcase classname="testSuite1.Module2" name="test001" time="0.007"/>
  <system-out/>
  <testcase classname="testSuite1.Module2" name="test002" time="0.003"/>
  <system-out/>
</testsuite> <!-- testSuite1.Module2 -->
