<?xml version="1.0" encoding="UTF-8"?>
<!-- Generated by org.testng.reporters.JUnitReportReporter -->
<testsuite hostname="Poonamite" failures="0" tests="1" name="runner.TestRunner" time="5.654" errors="0" timestamp="2025-01-04T18:52:15 CST" skipped="0">
  <testcase classname="runner.TestRunner" name="runScenario" time="5.654"/>
</testsuite> <!-- runner.TestRunner -->
